# JRE version: Java(TM) SE Runtime Environment (13.0.1+9) (build 13.0.1+9)
# Java VM: Java HotSpot(TM) 64-Bit Server VM (13.0.1+9, mixed mode, sharing, tiered, compressed oops, g1 gc, windows-amd64)
Heap:
 garbage-first heap   total 15360K, used 3865K [0x0000000081c00000, 0x0000000100000000)
  region size 1024K, 1 young (1024K), 1 survivors (1024K)
 Metaspace       used 7962K, capacity 11087K, committed 11392K, reserved 1058816K
  class space    used 959K, capacity 1303K, committed 1408K, reserved 1048576K
GC Heap History (14 events):
Event: 0.192 GC heap before
{Heap before GC invocations=0 (full 0):
 garbage-first heap   total 8192K, used 3072K [0x0000000081c00000, 0x0000000100000000)
  region size 1024K, 3 young (3072K), 0 survivors (0K)
 Metaspace       used 2331K, capacity 6127K, committed 6400K, reserved 1056768K
  class space    used 285K, capacity 645K, committed 768K, reserved 1048576K
}
Event: 0.195 GC heap after
{Heap after GC invocations=1 (full 0):
 garbage-first heap   total 8192K, used 1445K [0x0000000081c00000, 0x0000000100000000)
  region size 1024K, 1 young (1024K), 1 survivors (1024K)
 Metaspace       used 2331K, capacity 6127K, committed 6400K, reserved 1056768K
  class space    used 285K, capacity 645K, committed 768K, reserved 1048576K
}
Event: 0.278 GC heap before
{Heap before GC invocations=1 (full 0):
 garbage-first heap   total 8192K, used 2469K [0x0000000081c00000, 0x0000000100000000)
  region size 1024K, 2 young (2048K), 1 survivors (1024K)
 Metaspace       used 4524K, capacity 8298K, committed 8448K, reserved 1056768K
  class space    used 579K, capacity 943K, committed 1024K, reserved 1048576K
}
Event: 0.281 GC heap after
{Heap after GC invocations=2 (full 0):
 garbage-first heap   total 8192K, used 1722K [0x0000000081c00000, 0x0000000100000000)
  region size 1024K, 1 young (1024K), 1 survivors (1024K)
 Metaspace       used 4524K, capacity 8298K, committed 8448K, reserved 1056768K
  class space    used 579K, capacity 943K, committed 1024K, reserved 1048576K
}
Event: 0.333 GC heap before
{Heap before GC invocations=2 (full 0):
 garbage-first heap   total 8192K, used 2746K [0x0000000081c00000, 0x0000000100000000)
  region size 1024K, 2 young (2048K), 1 survivors (1024K)
 Metaspace       used 5698K, capacity 9466K, committed 9600K, reserved 1058816K
  class space    used 710K, capacity 1101K, committed 1152K, reserved 1048576K
}
Event: 0.334 GC heap after
{Heap after GC invocations=3 (full 0):
 garbage-first heap   total 8192K, used 2090K [0x0000000081c00000, 0x0000000100000000)
  region size 1024K, 1 young (1024K), 1 survivors (1024K)
 Metaspace       used 5698K, capacity 9466K, committed 9600K, reserved 1058816K
  class space    used 710K, capacity 1101K, committed 1152K, reserved 1048576K
}
Event: 0.402 GC heap before
{Heap before GC invocations=3 (full 0):
 garbage-first heap   total 8192K, used 3114K [0x0000000081c00000, 0x0000000100000000)
  region size 1024K, 2 young (2048K), 1 survivors (1024K)
 Metaspace       used 7316K, capacity 10711K, committed 11008K, reserved 1058816K
  class space    used 887K, capacity 1219K, committed 1280K, reserved 1048576K
}
Event: 0.404 GC heap after
{Heap after GC invocations=4 (full 0):
 garbage-first heap   total 8192K, used 2415K [0x0000000081c00000, 0x0000000100000000)
  region size 1024K, 1 young (1024K), 1 survivors (1024K)
 Metaspace       used 7316K, capacity 10711K, committed 11008K, reserved 1058816K
  class space    used 887K, capacity 1219K, committed 1280K, reserved 1048576K
}
Event: 0.445 GC heap before
{Heap before GC invocations=4 (full 0):
 garbage-first heap   total 8192K, used 3439K [0x0000000081c00000, 0x0000000100000000)
  region size 1024K, 2 young (2048K), 1 survivors (1024K)
 Metaspace       used 7600K, capacity 10839K, committed 11008K, reserved 1058816K
  class space    used 922K, capacity 1241K, committed 1280K, reserved 1048576K
}
Event: 0.447 GC heap after
{Heap after GC invocations=5 (full 0):
 garbage-first heap   total 10240K, used 2613K [0x0000000081c00000, 0x0000000100000000)
  region size 1024K, 1 young (1024K), 1 survivors (1024K)
 Metaspace       used 7600K, capacity 10839K, committed 11008K, reserved 1058816K
  class space    used 922K, capacity 1241K, committed 1280K, reserved 1048576K
}
Event: 0.496 GC heap before
{Heap before GC invocations=5 (full 0):
 garbage-first heap   total 10240K, used 4661K [0x0000000081c00000, 0x0000000100000000)
  region size 1024K, 3 young (3072K), 1 survivors (1024K)
 Metaspace       used 7833K, capacity 11068K, committed 11392K, reserved 1058816K
  class space    used 950K, capacity 1297K, committed 1408K, reserved 1048576K
}
Event: 0.501 GC heap after
{Heap after GC invocations=6 (full 0):
 garbage-first heap   total 10240K, used 3386K [0x0000000081c00000, 0x0000000100000000)
  region size 1024K, 1 young (1024K), 1 survivors (1024K)
 Metaspace       used 7833K, capacity 11068K, committed 11392K, reserved 1058816K
  class space    used 950K, capacity 1297K, committed 1408K, reserved 1048576K
}
Event: 0.524 GC heap before
{Heap before GC invocations=6 (full 0):
 garbage-first heap   total 10240K, used 5434K [0x0000000081c00000, 0x0000000100000000)
  region size 1024K, 3 young (3072K), 1 survivors (1024K)
 Metaspace       used 7870K, capacity 11068K, committed 11392K, reserved 1058816K
  class space    used 950K, capacity 1297K, committed 1408K, reserved 1048576K
}
Event: 0.528 GC heap after
{Heap after GC invocations=7 (full 0):
 garbage-first heap   total 10240K, used 3721K [0x0000000081c00000, 0x0000000100000000)
  region size 1024K, 1 young (1024K), 1 survivors (1024K)
 Metaspace       used 7870K, capacity 11068K, committed 11392K, reserved 1058816K
  class space    used 950K, capacity 1297K, committed 1408K, reserved 1048576K
}

